2023-11-03 00:10:28,261 ERROR [main] h.j.p.m.Main [Main.java:252] unesen je isti item u tvornicuhr.java.production.exception.UniqueItemInFactoryException: korisnik je u tvornicu stavio item koji vec postoji
2023-11-03 00:10:29,955 ERROR [main] h.j.p.m.Main [Main.java:252] unesen je isti item u tvornicuhr.java.production.exception.UniqueItemInFactoryException: korisnik je u tvornicu stavio item koji vec postoji
2023-11-03 00:10:34,083 ERROR [main] h.j.p.m.Main [Main.java:252] unesen je isti item u tvornicuhr.java.production.exception.UniqueItemInFactoryException: korisnik je u tvornicu stavio item koji vec postoji
2023-11-03 00:12:52,865 ERROR [main] h.j.p.m.Main [Main.java:253] unesen je isti item u tvornicuhr.java.production.exception.UniqueItemInFactoryException: korisnik je u tvornicu stavio item koji vec postoji
2023-11-03 00:15:42,790 ERROR [main] h.j.p.m.Main [Main.java:253] unesen je isti item u tvornicuhr.java.production.exception.UniqueItemInFactoryException: korisnik je u tvornicu stavio item koji vec postoji
2023-11-03 00:15:47,005 ERROR [main] h.j.p.m.Main [Main.java:253] unesen je isti item u tvornicuhr.java.production.exception.UniqueItemInFactoryException: korisnik je u tvornicu stavio item koji vec postoji
2023-11-03 00:26:47,540 ERROR [main] h.j.p.m.Main [Main.java:419] uneseno je isto ime kategorijehr.java.production.exception.UniqueCategoryNameException: unesena kategorija vec postoji
2023-11-03 00:26:52,986 ERROR [main] h.j.p.m.Main [Main.java:419] uneseno je isto ime kategorijehr.java.production.exception.UniqueCategoryNameException: unesena kategorija vec postoji
2023-11-03 01:04:20,389 ERROR [main] h.j.p.m.Main [Main.java:324] Upisan je podatak koji nije Integer java.util.InputMismatchException
2023-11-03 01:04:25,451 ERROR [main] h.j.p.m.Main [Main.java:324] Upisan je podatak koji nije Integer java.util.InputMismatchException
2023-11-03 01:09:21,751 ERROR [main] h.j.p.m.Main [Main.java:379] Upisan je podatak koji nije Integer java.util.InputMismatchException
2023-11-03 01:09:23,492 ERROR [main] h.j.p.m.Main [Main.java:379] Upisan je podatak koji nije Integer java.util.InputMismatchException
2023-11-03 01:10:45,851 ERROR [main] h.j.p.m.Main [Main.java:44] Upisan je podatak koji nije Integer java.util.InputMismatchException
2023-11-03 01:10:49,798 ERROR [main] h.j.p.m.Main [Main.java:64] Upisan je podatak koji nije Integer java.util.InputMismatchException
2023-11-03 01:11:03,496 ERROR [main] h.j.p.m.Main [Main.java:324] Upisan je podatak koji nije Integer java.util.InputMismatchException
2023-11-03 01:12:04,805 ERROR [main] h.j.p.m.Main [Main.java:44] Upisan je podatak koji nije Integer java.util.InputMismatchException
2023-11-03 01:12:41,923 ERROR [main] h.j.p.m.Main [Main.java:44] Upisan je podatak koji nije Integer java.util.InputMismatchException
2023-11-03 01:12:45,387 ERROR [main] h.j.p.m.Main [Main.java:64] Upisan je podatak koji nije Integer java.util.InputMismatchException
2023-11-03 01:12:59,147 ERROR [main] h.j.p.m.Main [Main.java:324] Pri upisu kategorije upisan je podatak koji nije Integer java.util.InputMismatchException
2023-11-03 01:13:03,900 ERROR [main] h.j.p.m.Main [Main.java:324] Pri upisu kategorije upisan je podatak koji nije Integer java.util.InputMismatchException
2023-11-03 11:29:33,869 ERROR [main] h.j.p.m.Main [Main.java:374] unesene dimenzije proizvoda nisu tipa Integerjava.util.InputMismatchException
2023-11-03 11:29:35,851 ERROR [main] h.j.p.m.Main [Main.java:374] unesene dimenzije proizvoda nisu tipa Integerjava.util.InputMismatchException
2023-11-03 11:29:39,531 ERROR [main] h.j.p.m.Main [Main.java:374] unesene dimenzije proizvoda nisu tipa Integerjava.util.InputMismatchException
2023-11-03 11:29:42,307 ERROR [main] h.j.p.m.Main [Main.java:374] unesene dimenzije proizvoda nisu tipa Integerjava.util.InputMismatchException
2023-11-03 12:38:47,361 ERROR [main] h.j.p.m.Main [Main.java:502] uneseno je isto ime kategorije hr.java.production.exception.UniqueCategoryNameException: unesena kategorija vec postoji 
2023-11-03 12:38:47,550 ERROR [main] h.j.p.m.Main [Main.java:502] uneseno je isto ime kategorije hr.java.production.exception.UniqueCategoryNameException: unesena kategorija vec postoji 
2023-11-03 12:38:54,943 ERROR [main] h.j.p.m.Main [Main.java:358] Pri upisu kategorije upisan je podatak koji nije Integer java.util.InputMismatchException
2023-11-10 22:18:00,100 ERROR [main] h.j.p.m.Main [Main.java:44] Upisan je podatak koji nije Integer java.util.InputMismatchException
2023-11-10 22:18:02,899 ERROR [main] h.j.p.m.Main [Main.java:64] Upisan je podatak koji nije Integer java.util.InputMismatchException
2023-11-10 22:18:18,690 ERROR [main] h.j.p.m.Main [Main.java:464] Pri upisu kategorije upisan je podatak koji nije Integer java.util.InputMismatchException
2023-11-10 22:18:20,434 ERROR [main] h.j.p.m.Main [Main.java:464] Pri upisu kategorije upisan je podatak koji nije Integer java.util.InputMismatchException
2023-11-10 22:18:22,866 ERROR [main] h.j.p.m.Main [Main.java:513] unesene dimenzije proizvoda nisu tipa Integer java.util.InputMismatchException
2023-11-10 22:18:24,603 ERROR [main] h.j.p.m.Main [Main.java:513] unesene dimenzije proizvoda nisu tipa Integer java.util.InputMismatchException
2023-11-10 22:18:26,475 ERROR [main] h.j.p.m.Main [Main.java:513] unesene dimenzije proizvoda nisu tipa Integer java.util.InputMismatchException
2023-11-10 22:18:31,523 ERROR [main] h.j.p.m.Main [Main.java:513] unesene dimenzije proizvoda nisu tipa Integer java.util.InputMismatchException
2023-11-10 22:18:38,115 ERROR [main] h.j.p.m.Main [Main.java:535] Pri odabiru preddefiniranog proizvoda upisan je podatak koji nije Integer java.util.InputMismatchException
2023-11-10 22:25:53,313 ERROR [main] h.j.p.m.Main [Main.java:513] unesene dimenzije proizvoda nisu tipa Integer java.util.InputMismatchException
2023-11-10 22:26:00,463 ERROR [main] h.j.p.m.Main [Main.java:535] Pri odabiru preddefiniranog proizvoda upisan je podatak koji nije Integer java.util.InputMismatchException
2023-11-10 22:26:05,769 ERROR [main] h.j.p.m.Main [Main.java:579] Pri odabiru kolicine proizvoda ili duljine garancije upisan je podatak koji nije Integer java.util.InputMismatchException
2023-11-10 22:26:08,408 ERROR [main] h.j.p.m.Main [Main.java:579] Pri odabiru kolicine proizvoda ili duljine garancije upisan je podatak koji nije Integer java.util.InputMismatchException
2023-11-10 22:26:17,448 ERROR [main] h.j.p.m.Main [Main.java:464] Pri upisu kategorije upisan je podatak koji nije Integer java.util.InputMismatchException
2023-11-10 22:26:19,864 ERROR [main] h.j.p.m.Main [Main.java:513] unesene dimenzije proizvoda nisu tipa Integer java.util.InputMismatchException
2023-11-10 22:26:24,944 ERROR [main] h.j.p.m.Main [Main.java:535] Pri odabiru preddefiniranog proizvoda upisan je podatak koji nije Integer java.util.InputMismatchException
2023-11-10 22:26:28,320 ERROR [main] h.j.p.m.Main [Main.java:579] Pri odabiru kolicine proizvoda ili duljine garancije upisan je podatak koji nije Integer java.util.InputMismatchException
2023-11-10 22:26:51,266 ERROR [main] h.j.p.m.Main [Main.java:513] unesene dimenzije proizvoda nisu tipa Integer java.util.InputMismatchException
2023-11-10 22:26:56,441 ERROR [main] h.j.p.m.Main [Main.java:579] Pri odabiru kolicine proizvoda ili duljine garancije upisan je podatak koji nije Integer java.util.InputMismatchException
2023-11-10 22:27:29,131 ERROR [main] h.j.p.m.Main [Main.java:513] unesene dimenzije proizvoda nisu tipa Integer java.util.InputMismatchException
2023-11-10 22:27:42,499 ERROR [main] h.j.p.m.Main [Main.java:513] unesene dimenzije proizvoda nisu tipa Integer java.util.InputMismatchException
2023-11-10 22:35:43,004 ERROR [main] h.j.p.m.Main [Main.java:517] unesene dimenzije proizvoda nisu tipa Integer java.util.InputMismatchException
2023-11-10 22:37:34,928 ERROR [main] h.j.p.m.Main [Main.java:539] Pri odabiru preddefiniranog proizvoda upisan je podatak koji nije Integer java.util.InputMismatchException
